[19:29:01:] INFO - Файлов отсортировано: 0
[19:29:01:] INFO - Файлов отсортировано: 0
[19:29:01:] INFO - av_by_info.xls ---> spreadsheet/av_by_info.xls
[19:29:01:] INFO - Файлов отсортировано: 1
[19:29:01:] INFO - depositphotos_250727706-stock-illustration-animation-man-automat-creating-video.jpg ---> image/depositphotos_250727706-stock-illustration-animation-man-automat-creating-video.jpg
[19:29:01:] INFO - Файлов отсортировано: 2
[19:29:01:] INFO - Figma.odt ---> text/Figma.odt
[19:29:01:] INFO - Файлов отсортировано: 3
[19:29:01:] INFO - Файлов отсортировано: 3
[19:29:01:] INFO - Файлов отсортировано: 3
[19:29:01:] INFO - Файлов отсортировано: 3
[19:29:01:] INFO - jah-khalib_-_snd.mp3 ---> audio/jah-khalib_-_snd.mp3
[19:29:01:] INFO - Файлов отсортировано: 4
[19:29:01:] INFO - Файлов отсортировано: 4
[19:29:01:] INFO - Файлов отсортировано: 4
[19:29:01:] INFO - menu ссылка.txt ---> text/menu ссылка.txt
[19:29:01:] INFO - Файлов отсортировано: 5
[19:29:01:] INFO - Museum.rar ---> archive/Museum.rar
[19:29:01:] INFO - Файлов отсортировано: 6
[19:29:01:] INFO - pesnya-na-den-materi-ot-lizy-mamina-ulybka.mp3 ---> audio/pesnya-na-den-materi-ot-lizy-mamina-ulybka.mp3
[19:29:01:] INFO - Файлов отсортировано: 7
[19:29:01:] INFO - Файлов отсортировано: 7
[19:29:01:] INFO - pngwing.com (1).png ---> image/pngwing.com (1).png
[19:29:01:] INFO - Файлов отсортировано: 8
[19:29:01:] INFO - pngwing.com (2).png ---> image/pngwing.com (2).png
[19:29:01:] INFO - Файлов отсортировано: 9
[19:29:01:] INFO - pngwing.com (3).png ---> image/pngwing.com (3).png
[19:29:01:] INFO - Файлов отсортировано: 10
[19:29:01:] INFO - pngwing.com (4).png ---> image/pngwing.com (4).png
[19:29:01:] INFO - Файлов отсортировано: 11
[19:29:01:] INFO - pngwing.com (5).png ---> image/pngwing.com (5).png
[19:29:01:] INFO - Файлов отсортировано: 12
[19:29:01:] INFO - pngwing.com (6).png ---> image/pngwing.com (6).png
[19:29:01:] INFO - Файлов отсортировано: 13
[19:29:01:] INFO - pngwing.com (7).png ---> image/pngwing.com (7).png
[19:29:01:] INFO - Файлов отсортировано: 14
[19:29:01:] INFO - pngwing.com (8).png ---> image/pngwing.com (8).png
[19:29:01:] INFO - Файлов отсортировано: 15
[19:29:01:] INFO - pngwing.com (9).png ---> image/pngwing.com (9).png
[19:29:01:] INFO - Файлов отсортировано: 16
[19:29:01:] INFO - record.png ---> image/record.png
[19:29:01:] INFO - Файлов отсортировано: 17
[19:29:01:] INFO - Файлов отсортировано: 17
[19:29:01:] INFO - Файлов отсортировано: 17
[19:29:01:] INFO - ujuuhju.jpg ---> image/ujuuhju.jpg
[19:29:01:] INFO - Файлов отсортировано: 18
[19:29:01:] INFO - Файлов отсортировано: 18
[19:29:01:] INFO - Файлов отсортировано: 18
[19:29:01:] INFO - аним 1.gif ---> gif/аним 1.gif
[19:29:01:] INFO - Файлов отсортировано: 19
[19:29:01:] INFO - Без названия.jpg ---> image/Без названия.jpg
[19:29:01:] INFO - Файлов отсортировано: 20
[19:29:01:] INFO - Файлов отсортировано: 20
[19:29:01:] INFO - Файлов отсортировано: 20
[19:29:01:] INFO - Файлов отсортировано: 20
[19:29:01:] INFO - Файлов отсортировано: 20
[19:29:01:] INFO - май.png ---> image/май.png
[19:29:01:] INFO - Файлов отсортировано: 21
[19:29:01:] INFO - май2.png ---> image/май2.png
[19:29:01:] INFO - Файлов отсортировано: 22
[19:29:01:] INFO - Новый текстовый документ.txt ---> text/Новый текстовый документ.txt
[19:29:01:] INFO - Файлов отсортировано: 23
[19:29:01:] INFO - Файлов отсортировано: 23
[19:29:01:] INFO - Файлов отсортировано: 23
[19:29:01:] INFO - скачивай и создавай свой мир.mp4 ---> video/скачивай и создавай свой мир.mp4
[19:29:01:] INFO - Файлов отсортировано: 24
[19:29:01:] INFO - Файлов отсортировано: 24
[19:29:01:] INFO - ссылка.txt ---> text/ссылка.txt
[19:29:01:] INFO - Файлов отсортировано: 25
[19:29:01:] INFO - сылка.txt ---> text/сылка.txt
[19:29:01:] INFO - Файлов отсортировано: 26
[19:29:01:] INFO - ф.mp4 ---> video/ф.mp4
[19:29:01:] INFO - Файлов отсортировано: 27
[19:29:01:] INFO - хрюша и сало.jpg ---> image/хрюша и сало.jpg
[19:29:01:] INFO - Файлов отсортировано: 28
[19:29:01:] INFO - челик пыплрокплы.jpg ---> image/челик пыплрокплы.jpg
[19:29:01:] INFO - Файлов отсортировано: 29
[19:30:06:] INFO - Файлов отсортировано: 0
